<?xml version="1.0" encoding="UTF-8"?>
<!-- Generated by org.testng.reporters.JUnitReportReporter -->
<testsuite hostname="MacBook-Pro-de-MacBook.local" failures="0" tests="2" name="tests.test" time="21.381" errors="0" timestamp="26 oct. 2019 03:43:16 GMT" skipped="0">
  <testcase classname="tests.test" name="testTriangulos" time="10.684"/>
  <testcase classname="tests.test" name="testTriangulos" time="10.697"/>
</testsuite> <!-- tests.test -->
